<?xml version="1.0" encoding="UTF-8"?>
<testsuite xmlns:xsi="http://www.w3.org/2001/XMLSchema-instance" xsi:noNamespaceSchemaLocation="https://maven.apache.org/surefire/maven-surefire-plugin/xsd/surefire-test-report-3.0.xsd" version="3.0" name="TestSuite" time="101.841" tests="7" errors="0" skipped="0" failures="2">
  <properties>
    <property name="sun.desktop" value="windows"/>
    <property name="awt.toolkit" value="sun.awt.windows.WToolkit"/>
    <property name="file.encoding.pkg" value="sun.io"/>
    <property name="java.specification.version" value="1.8"/>
    <property name="sun.cpu.isalist" value="amd64"/>
    <property name="sun.jnu.encoding" value="Cp1252"/>
    <property name="java.class.path" value="C:\neworkspace\Selenium7PM\target\test-classes;C:\neworkspace\Selenium7PM\target\classes;C:\Users\Karen Amy\.m2\repository\org\seleniumhq\selenium\selenium-java\3.141.59\selenium-java-3.141.59.jar;C:\Users\Karen Amy\.m2\repository\org\seleniumhq\selenium\selenium-api\3.141.59\selenium-api-3.141.59.jar;C:\Users\Karen Amy\.m2\repository\org\seleniumhq\selenium\selenium-chrome-driver\3.141.59\selenium-chrome-driver-3.141.59.jar;C:\Users\Karen Amy\.m2\repository\org\seleniumhq\selenium\selenium-edge-driver\3.141.59\selenium-edge-driver-3.141.59.jar;C:\Users\Karen Amy\.m2\repository\org\seleniumhq\selenium\selenium-firefox-driver\3.141.59\selenium-firefox-driver-3.141.59.jar;C:\Users\Karen Amy\.m2\repository\org\seleniumhq\selenium\selenium-ie-driver\3.141.59\selenium-ie-driver-3.141.59.jar;C:\Users\Karen Amy\.m2\repository\org\seleniumhq\selenium\selenium-opera-driver\3.141.59\selenium-opera-driver-3.141.59.jar;C:\Users\Karen Amy\.m2\repository\org\seleniumhq\selenium\selenium-remote-driver\3.141.59\selenium-remote-driver-3.141.59.jar;C:\Users\Karen Amy\.m2\repository\org\seleniumhq\selenium\selenium-safari-driver\3.141.59\selenium-safari-driver-3.141.59.jar;C:\Users\Karen Amy\.m2\repository\org\seleniumhq\selenium\selenium-support\3.141.59\selenium-support-3.141.59.jar;C:\Users\Karen Amy\.m2\repository\net\bytebuddy\byte-buddy\1.8.15\byte-buddy-1.8.15.jar;C:\Users\Karen Amy\.m2\repository\org\apache\commons\commons-exec\1.3\commons-exec-1.3.jar;C:\Users\Karen Amy\.m2\repository\com\google\guava\guava\25.0-jre\guava-25.0-jre.jar;C:\Users\Karen Amy\.m2\repository\com\google\code\findbugs\jsr305\1.3.9\jsr305-1.3.9.jar;C:\Users\Karen Amy\.m2\repository\org\checkerframework\checker-compat-qual\2.0.0\checker-compat-qual-2.0.0.jar;C:\Users\Karen Amy\.m2\repository\com\google\errorprone\error_prone_annotations\2.1.3\error_prone_annotations-2.1.3.jar;C:\Users\Karen Amy\.m2\repository\com\google\j2objc\j2objc-annotations\1.1\j2objc-annotations-1.1.jar;C:\Users\Karen Amy\.m2\repository\org\codehaus\mojo\animal-sniffer-annotations\1.14\animal-sniffer-annotations-1.14.jar;C:\Users\Karen Amy\.m2\repository\com\squareup\okhttp3\okhttp\3.11.0\okhttp-3.11.0.jar;C:\Users\Karen Amy\.m2\repository\com\squareup\okio\okio\1.14.0\okio-1.14.0.jar;C:\Users\Karen Amy\.m2\repository\io\github\bonigarcia\webdrivermanager\5.5.3\webdrivermanager-5.5.3.jar;C:\Users\Karen Amy\.m2\repository\org\slf4j\slf4j-api\2.0.7\slf4j-api-2.0.7.jar;C:\Users\Karen Amy\.m2\repository\com\google\code\gson\gson\2.10.1\gson-2.10.1.jar;C:\Users\Karen Amy\.m2\repository\com\github\docker-java\docker-java\3.3.3\docker-java-3.3.3.jar;C:\Users\Karen Amy\.m2\repository\com\github\docker-java\docker-java-core\3.3.3\docker-java-core-3.3.3.jar;C:\Users\Karen Amy\.m2\repository\com\github\docker-java\docker-java-api\3.3.3\docker-java-api-3.3.3.jar;C:\Users\Karen Amy\.m2\repository\com\fasterxml\jackson\core\jackson-annotations\2.10.3\jackson-annotations-2.10.3.jar;C:\Users\Karen Amy\.m2\repository\commons-io\commons-io\2.6\commons-io-2.6.jar;C:\Users\Karen Amy\.m2\repository\com\fasterxml\jackson\core\jackson-databind\2.10.3\jackson-databind-2.10.3.jar;C:\Users\Karen Amy\.m2\repository\com\fasterxml\jackson\core\jackson-core\2.10.3\jackson-core-2.10.3.jar;C:\Users\Karen Amy\.m2\repository\org\bouncycastle\bcpkix-jdk18on\1.75\bcpkix-jdk18on-1.75.jar;C:\Users\Karen Amy\.m2\repository\org\bouncycastle\bcprov-jdk18on\1.75\bcprov-jdk18on-1.75.jar;C:\Users\Karen Amy\.m2\repository\org\bouncycastle\bcutil-jdk18on\1.75\bcutil-jdk18on-1.75.jar;C:\Users\Karen Amy\.m2\repository\org\slf4j\jcl-over-slf4j\1.7.30\jcl-over-slf4j-1.7.30.jar;C:\Users\Karen Amy\.m2\repository\com\github\docker-java\docker-java-transport-httpclient5\3.3.3\docker-java-transport-httpclient5-3.3.3.jar;C:\Users\Karen Amy\.m2\repository\com\github\docker-java\docker-java-transport\3.3.3\docker-java-transport-3.3.3.jar;C:\Users\Karen Amy\.m2\repository\net\java\dev\jna\jna\5.12.1\jna-5.12.1.jar;C:\Users\Karen Amy\.m2\repository\org\brotli\dec\0.1.2\dec-0.1.2.jar;C:\Users\Karen Amy\.m2\repository\org\apache\httpcomponents\client5\httpclient5\5.2.1\httpclient5-5.2.1.jar;C:\Users\Karen Amy\.m2\repository\org\apache\httpcomponents\core5\httpcore5\5.2\httpcore5-5.2.jar;C:\Users\Karen Amy\.m2\repository\org\apache\httpcomponents\core5\httpcore5-h2\5.2\httpcore5-h2-5.2.jar;C:\Users\Karen Amy\.m2\repository\org\apache\commons\commons-lang3\3.11\commons-lang3-3.11.jar;C:\Users\Karen Amy\.m2\repository\org\testng\testng\6.14.3\testng-6.14.3.jar;C:\Users\Karen Amy\.m2\repository\com\beust\jcommander\1.72\jcommander-1.72.jar;C:\Users\Karen Amy\.m2\repository\org\apache-extras\beanshell\bsh\2.0b6\bsh-2.0b6.jar;C:\Users\Karen Amy\.m2\repository\org\apache\poi\poi\4.1.2\poi-4.1.2.jar;C:\Users\Karen Amy\.m2\repository\commons-codec\commons-codec\1.13\commons-codec-1.13.jar;C:\Users\Karen Amy\.m2\repository\org\apache\commons\commons-collections4\4.4\commons-collections4-4.4.jar;C:\Users\Karen Amy\.m2\repository\org\apache\commons\commons-math3\3.6.1\commons-math3-3.6.1.jar;C:\Users\Karen Amy\.m2\repository\com\zaxxer\SparseBitSet\1.2\SparseBitSet-1.2.jar;C:\Users\Karen Amy\.m2\repository\org\apache\poi\poi-ooxml\4.1.2\poi-ooxml-4.1.2.jar;C:\Users\Karen Amy\.m2\repository\org\apache\poi\poi-ooxml-schemas\4.1.2\poi-ooxml-schemas-4.1.2.jar;C:\Users\Karen Amy\.m2\repository\org\apache\xmlbeans\xmlbeans\3.1.0\xmlbeans-3.1.0.jar;C:\Users\Karen Amy\.m2\repository\org\apache\commons\commons-compress\1.19\commons-compress-1.19.jar;C:\Users\Karen Amy\.m2\repository\com\github\virtuald\curvesapi\1.06\curvesapi-1.06.jar;"/>
    <property name="java.vm.vendor" value="Oracle Corporation"/>
    <property name="sun.arch.data.model" value="64"/>
    <property name="user.variant" value=""/>
    <property name="java.vendor.url" value="http://java.oracle.com/"/>
    <property name="user.timezone" value="Asia/Calcutta"/>
    <property name="java.vm.specification.version" value="1.8"/>
    <property name="os.name" value="Windows 10"/>
    <property name="user.country" value="IN"/>
    <property name="sun.java.launcher" value="SUN_STANDARD"/>
    <property name="sun.boot.library.path" value="C:\Program Files\Java\jdk1.8.0_251\jre\bin"/>
    <property name="sun.java.command" value="C:\Users\Karen Amy\AppData\Local\Temp\surefire5218651581652384456\surefirebooter-20240220193329190_3.jar C:\Users\Karen Amy\AppData\Local\Temp\surefire5218651581652384456 2024-02-20T19-33-27_148-jvmRun1 surefire-20240220193329190_1tmp surefire_0-20240220193329190_2tmp"/>
    <property name="surefire.test.class.path" value="C:\neworkspace\Selenium7PM\target\test-classes;C:\neworkspace\Selenium7PM\target\classes;C:\Users\Karen Amy\.m2\repository\org\seleniumhq\selenium\selenium-java\3.141.59\selenium-java-3.141.59.jar;C:\Users\Karen Amy\.m2\repository\org\seleniumhq\selenium\selenium-api\3.141.59\selenium-api-3.141.59.jar;C:\Users\Karen Amy\.m2\repository\org\seleniumhq\selenium\selenium-chrome-driver\3.141.59\selenium-chrome-driver-3.141.59.jar;C:\Users\Karen Amy\.m2\repository\org\seleniumhq\selenium\selenium-edge-driver\3.141.59\selenium-edge-driver-3.141.59.jar;C:\Users\Karen Amy\.m2\repository\org\seleniumhq\selenium\selenium-firefox-driver\3.141.59\selenium-firefox-driver-3.141.59.jar;C:\Users\Karen Amy\.m2\repository\org\seleniumhq\selenium\selenium-ie-driver\3.141.59\selenium-ie-driver-3.141.59.jar;C:\Users\Karen Amy\.m2\repository\org\seleniumhq\selenium\selenium-opera-driver\3.141.59\selenium-opera-driver-3.141.59.jar;C:\Users\Karen Amy\.m2\repository\org\seleniumhq\selenium\selenium-remote-driver\3.141.59\selenium-remote-driver-3.141.59.jar;C:\Users\Karen Amy\.m2\repository\org\seleniumhq\selenium\selenium-safari-driver\3.141.59\selenium-safari-driver-3.141.59.jar;C:\Users\Karen Amy\.m2\repository\org\seleniumhq\selenium\selenium-support\3.141.59\selenium-support-3.141.59.jar;C:\Users\Karen Amy\.m2\repository\net\bytebuddy\byte-buddy\1.8.15\byte-buddy-1.8.15.jar;C:\Users\Karen Amy\.m2\repository\org\apache\commons\commons-exec\1.3\commons-exec-1.3.jar;C:\Users\Karen Amy\.m2\repository\com\google\guava\guava\25.0-jre\guava-25.0-jre.jar;C:\Users\Karen Amy\.m2\repository\com\google\code\findbugs\jsr305\1.3.9\jsr305-1.3.9.jar;C:\Users\Karen Amy\.m2\repository\org\checkerframework\checker-compat-qual\2.0.0\checker-compat-qual-2.0.0.jar;C:\Users\Karen Amy\.m2\repository\com\google\errorprone\error_prone_annotations\2.1.3\error_prone_annotations-2.1.3.jar;C:\Users\Karen Amy\.m2\repository\com\google\j2objc\j2objc-annotations\1.1\j2objc-annotations-1.1.jar;C:\Users\Karen Amy\.m2\repository\org\codehaus\mojo\animal-sniffer-annotations\1.14\animal-sniffer-annotations-1.14.jar;C:\Users\Karen Amy\.m2\repository\com\squareup\okhttp3\okhttp\3.11.0\okhttp-3.11.0.jar;C:\Users\Karen Amy\.m2\repository\com\squareup\okio\okio\1.14.0\okio-1.14.0.jar;C:\Users\Karen Amy\.m2\repository\io\github\bonigarcia\webdrivermanager\5.5.3\webdrivermanager-5.5.3.jar;C:\Users\Karen Amy\.m2\repository\org\slf4j\slf4j-api\2.0.7\slf4j-api-2.0.7.jar;C:\Users\Karen Amy\.m2\repository\com\google\code\gson\gson\2.10.1\gson-2.10.1.jar;C:\Users\Karen Amy\.m2\repository\com\github\docker-java\docker-java\3.3.3\docker-java-3.3.3.jar;C:\Users\Karen Amy\.m2\repository\com\github\docker-java\docker-java-core\3.3.3\docker-java-core-3.3.3.jar;C:\Users\Karen Amy\.m2\repository\com\github\docker-java\docker-java-api\3.3.3\docker-java-api-3.3.3.jar;C:\Users\Karen Amy\.m2\repository\com\fasterxml\jackson\core\jackson-annotations\2.10.3\jackson-annotations-2.10.3.jar;C:\Users\Karen Amy\.m2\repository\commons-io\commons-io\2.6\commons-io-2.6.jar;C:\Users\Karen Amy\.m2\repository\com\fasterxml\jackson\core\jackson-databind\2.10.3\jackson-databind-2.10.3.jar;C:\Users\Karen Amy\.m2\repository\com\fasterxml\jackson\core\jackson-core\2.10.3\jackson-core-2.10.3.jar;C:\Users\Karen Amy\.m2\repository\org\bouncycastle\bcpkix-jdk18on\1.75\bcpkix-jdk18on-1.75.jar;C:\Users\Karen Amy\.m2\repository\org\bouncycastle\bcprov-jdk18on\1.75\bcprov-jdk18on-1.75.jar;C:\Users\Karen Amy\.m2\repository\org\bouncycastle\bcutil-jdk18on\1.75\bcutil-jdk18on-1.75.jar;C:\Users\Karen Amy\.m2\repository\org\slf4j\jcl-over-slf4j\1.7.30\jcl-over-slf4j-1.7.30.jar;C:\Users\Karen Amy\.m2\repository\com\github\docker-java\docker-java-transport-httpclient5\3.3.3\docker-java-transport-httpclient5-3.3.3.jar;C:\Users\Karen Amy\.m2\repository\com\github\docker-java\docker-java-transport\3.3.3\docker-java-transport-3.3.3.jar;C:\Users\Karen Amy\.m2\repository\net\java\dev\jna\jna\5.12.1\jna-5.12.1.jar;C:\Users\Karen Amy\.m2\repository\org\brotli\dec\0.1.2\dec-0.1.2.jar;C:\Users\Karen Amy\.m2\repository\org\apache\httpcomponents\client5\httpclient5\5.2.1\httpclient5-5.2.1.jar;C:\Users\Karen Amy\.m2\repository\org\apache\httpcomponents\core5\httpcore5\5.2\httpcore5-5.2.jar;C:\Users\Karen Amy\.m2\repository\org\apache\httpcomponents\core5\httpcore5-h2\5.2\httpcore5-h2-5.2.jar;C:\Users\Karen Amy\.m2\repository\org\apache\commons\commons-lang3\3.11\commons-lang3-3.11.jar;C:\Users\Karen Amy\.m2\repository\org\testng\testng\6.14.3\testng-6.14.3.jar;C:\Users\Karen Amy\.m2\repository\com\beust\jcommander\1.72\jcommander-1.72.jar;C:\Users\Karen Amy\.m2\repository\org\apache-extras\beanshell\bsh\2.0b6\bsh-2.0b6.jar;C:\Users\Karen Amy\.m2\repository\org\apache\poi\poi\4.1.2\poi-4.1.2.jar;C:\Users\Karen Amy\.m2\repository\commons-codec\commons-codec\1.13\commons-codec-1.13.jar;C:\Users\Karen Amy\.m2\repository\org\apache\commons\commons-collections4\4.4\commons-collections4-4.4.jar;C:\Users\Karen Amy\.m2\repository\org\apache\commons\commons-math3\3.6.1\commons-math3-3.6.1.jar;C:\Users\Karen Amy\.m2\repository\com\zaxxer\SparseBitSet\1.2\SparseBitSet-1.2.jar;C:\Users\Karen Amy\.m2\repository\org\apache\poi\poi-ooxml\4.1.2\poi-ooxml-4.1.2.jar;C:\Users\Karen Amy\.m2\repository\org\apache\poi\poi-ooxml-schemas\4.1.2\poi-ooxml-schemas-4.1.2.jar;C:\Users\Karen Amy\.m2\repository\org\apache\xmlbeans\xmlbeans\3.1.0\xmlbeans-3.1.0.jar;C:\Users\Karen Amy\.m2\repository\org\apache\commons\commons-compress\1.19\commons-compress-1.19.jar;C:\Users\Karen Amy\.m2\repository\com\github\virtuald\curvesapi\1.06\curvesapi-1.06.jar;"/>
    <property name="sun.cpu.endian" value="little"/>
    <property name="user.home" value="C:\Users\Karen Amy"/>
    <property name="user.language" value="en"/>
    <property name="java.specification.vendor" value="Oracle Corporation"/>
    <property name="java.home" value="C:\Program Files\Java\jdk1.8.0_251\jre"/>
    <property name="basedir" value="C:\neworkspace\Selenium7PM"/>
    <property name="file.separator" value="\"/>
    <property name="line.separator" value="&#10;"/>
    <property name="java.vm.specification.vendor" value="Oracle Corporation"/>
    <property name="java.specification.name" value="Java Platform API Specification"/>
    <property name="java.awt.graphicsenv" value="sun.awt.Win32GraphicsEnvironment"/>
    <property name="surefire.real.class.path" value="C:\Users\Karen Amy\AppData\Local\Temp\surefire5218651581652384456\surefirebooter-20240220193329190_3.jar"/>
    <property name="sun.boot.class.path" value="C:\Program Files\Java\jdk1.8.0_251\jre\lib\resources.jar;C:\Program Files\Java\jdk1.8.0_251\jre\lib\rt.jar;C:\Program Files\Java\jdk1.8.0_251\jre\lib\sunrsasign.jar;C:\Program Files\Java\jdk1.8.0_251\jre\lib\jsse.jar;C:\Program Files\Java\jdk1.8.0_251\jre\lib\jce.jar;C:\Program Files\Java\jdk1.8.0_251\jre\lib\charsets.jar;C:\Program Files\Java\jdk1.8.0_251\jre\lib\jfr.jar;C:\Program Files\Java\jdk1.8.0_251\jre\classes"/>
    <property name="user.script" value=""/>
    <property name="sun.management.compiler" value="HotSpot 64-Bit Tiered Compilers"/>
    <property name="java.runtime.version" value="1.8.0_251-b08"/>
    <property name="user.name" value="Karen Amy"/>
    <property name="path.separator" value=";"/>
    <property name="os.version" value="10.0"/>
    <property name="java.endorsed.dirs" value="C:\Program Files\Java\jdk1.8.0_251\jre\lib\endorsed"/>
    <property name="java.runtime.name" value="Java(TM) SE Runtime Environment"/>
    <property name="file.encoding" value="Cp1252"/>
    <property name="java.vm.name" value="Java HotSpot(TM) 64-Bit Server VM"/>
    <property name="localRepository" value="C:\Users\Karen Amy\.m2\repository"/>
    <property name="java.vendor.url.bug" value="http://bugreport.sun.com/bugreport/"/>
    <property name="java.io.tmpdir" value="C:\Users\KARENA~1\AppData\Local\Temp\"/>
    <property name="java.version" value="1.8.0_251"/>
    <property name="user.dir" value="C:\neworkspace\Selenium7PM"/>
    <property name="os.arch" value="amd64"/>
    <property name="webdriver.gecko.driver" value="C:\Users\Karen Amy\.cache\selenium\geckodriver\win64\0.34.0\geckodriver.exe"/>
    <property name="java.vm.specification.name" value="Java Virtual Machine Specification"/>
    <property name="java.awt.printerjob" value="sun.awt.windows.WPrinterJob"/>
    <property name="sun.os.patch.level" value=""/>
    <property name="java.library.path" value="C:\Program Files\Java\jdk1.8.0_251\jre\bin;C:\WINDOWS\Sun\Java\bin;C:\WINDOWS\system32;C:\WINDOWS;C:\Program Files\Common Files\Oracle\Java\javapath;C:\Program Files\Java\jdk1.8.0_251\bin;C:\Maven\apache-maven-3.3.9\bin;C:\Program Files (x86)\Common Files\Oracle\Java\javapath;C:\WINDOWS\system32;C:\WINDOWS;C:\WINDOWS\System32\Wbem;C:\WINDOWS\System32\WindowsPowerShell\v1.0\;C:\WINDOWS\System32\OpenSSH\;C:\Program Files\Java\jdk1.8.0_251\bin;C:\Program Files\nodejs\;C:\Program Files\Git\cmd;C:\Users\Karen Amy\AppData\Local\Microsoft\WindowsApps;C:\Users\Karen Amy\AppData\Roaming\npm;."/>
    <property name="java.vm.info" value="mixed mode"/>
    <property name="java.vendor" value="Oracle Corporation"/>
    <property name="java.vm.version" value="25.251-b08"/>
    <property name="java.ext.dirs" value="C:\Program Files\Java\jdk1.8.0_251\jre\lib\ext;C:\WINDOWS\Sun\Java\lib\ext"/>
    <property name="sun.io.unicode.encoding" value="UnicodeLittle"/>
    <property name="java.class.version" value="52.0"/>
  </properties>
  <testcase name="test1" classname="com.selenium.testng.TestNG_Enabled" time="5.809">
    <system-err><![CDATA[SLF4J: No SLF4J providers were found.
SLF4J: Defaulting to no-operation (NOP) logger implementation
SLF4J: See https://www.slf4j.org/codes.html#noProviders for further details.
1708437813203	geckodriver	INFO	Listening on 127.0.0.1:19584
1708437814069	mozrunner::runner	INFO	Running command: "C:\\Program Files\\Mozilla Firefox\\firefox.exe" "--marionette" "-no-remote" "-profile" "C:\\Users\\KARENA~1\\AppData\\Local\\Temp\\rust_mozprofilehFEaHZ"
console.warn: services.settings: Ignoring preference override of remote settings server
console.warn: services.settings: Allow by setting MOZ_REMOTE_SETTINGS_DEVTOOLS=1 in the environment
1708437814822	Marionette	INFO	Marionette enabled
Dynamically enable window occlusion 0
1708437815066	Marionette	INFO	Listening on port 58826
Read port: 58826
1708437815620	RemoteAgent	WARN	TLS certificate errors will be ignored for this session
Feb 20, 2024 7:33:39 PM org.openqa.selenium.remote.ProtocolHandshake createSession
INFO: Detected dialect: W3C
JavaScript warning: https://z.moatads.com/zenithglobaloracledcm444268370365/moatad.js#moatClientLevel1=1106306&moatClientLevel2=30994851&moatClientLevel3=385654670&moatClientLevel4=208312844&moatClientSlicer1=6604461&zMoatG=ct=IN&st=&city=7314&dma=0&zp=600096&bw=4&zMoatUSER=0, line 329: WEBGL_debug_renderer_info is deprecated in Firefox and will be removed. Please use RENDERER.
JavaScript warning: https://pagead2.googlesyndication.com/bg/Ke811GU8D9oP10uMu54EDqWuI5DGCOjC6vNIGcZJ2dY.js line 2 > eval line 7746 > eval line 1 > eval line 1 > eval, line 1: WEBGL_debug_renderer_info is deprecated in Firefox and will be removed. Please use RENDERER.
JavaScript warning: https://pagead2.googlesyndication.com/bg/O0fxLlxGdVrwDA1P0v8IbiijzEhqz-qxiFTNg42x2Ow.js line 2 > eval line 5678 > eval line 1 > eval line 1 > eval, line 1: WEBGL_debug_renderer_info is deprecated in Firefox and will be removed. Please use RENDERER.
1708437824839	Marionette	WARN	TimedPromise timed out after 500 ms: stacktrace:
TimedPromise/<@chrome://remote/content/marionette/sync.sys.mjs:219:24
TimedPromise@chrome://remote/content/marionette/sync.sys.mjs:203:10
interaction.flushEventLoop@chrome://remote/content/marionette/interaction.sys.mjs:468:10
webdriverClickElement@chrome://remote/content/marionette/interaction.sys.mjs:219:33
]]></system-err>
  </testcase>
  <testcase name="test3" classname="com.selenium.testng.TestNG_Enabled" time="5.644">
    <system-err><![CDATA[1708437851698	Marionette	INFO	Stopped listening on port 58900
JavaScript warning: https://pagead2.googlesyndication.com/bg/Ke811GU8D9oP10uMu54EDqWuI5DGCOjC6vNIGcZJ2dY.js line 2 > eval line 3353 > eval line 1 > eval line 1 > eval, line 1: WEBGL_debug_renderer_info is deprecated in Firefox and will be removed. Please use RENDERER.
JavaScript warning: https://tpc.googlesyndication.com/sodar/sodar2.js, line 35: Script terminated by timeout at:
Ha/this.i</b.port.onmessage@https://tpc.googlesyndication.com/sodar/sodar2.js:35:374

JavaScript warning: https://pagead2.googlesyndication.com/bg/O0fxLlxGdVrwDA1P0v8IbiijzEhqz-qxiFTNg42x2Ow.js line 2 > eval line 7788 > eval line 1 > eval, line 1: Script terminated by timeout at:
@https://pagead2.googlesyndication.com/bg/O0fxLlxGdVrwDA1P0v8IbiijzEhqz-qxiFTNg42x2Ow.js line 2 > eval line 7788 > eval line 1 > eval:1:39
@https://pagead2.googlesyndication.com/bg/O0fxLlxGdVrwDA1P0v8IbiijzEhqz-qxiFTNg42x2Ow.js line 2 > eval line 7788 > eval:1:90
@https://pagead2.googlesyndication.com/bg/O0fxLlxGdVrwDA1P0v8IbiijzEhqz-qxiFTNg42x2Ow.js line 2 > eval line 7788 > eval:1:98
Ar@https://pagead2.googlesyndication.com/bg/O0fxLlxGdVrwDA1P0v8IbiijzEhqz-qxiFTNg42x2Ow.js line 2 > eval:7788:19959
WM@https://pagead2.googlesyndication.com/bg/O0fxLlxGdVrwDA1P0v8IbiijzEhqz-qxiFTNg42x2Ow.js line 2 > eval:7788:33032
y.l</<@https://pagead2.googlesyndication.com/bg/O0fxLlxGdVrwDA1P0v8IbiijzEhqz-qxiFTNg42x2Ow.js line 2 > eval:7788:48486
qR@https://pagead2.googlesyndication.com/bg/O0fxLlxGdVrwDA1P0v8IbiijzEhqz-qxiFTNg42x2Ow.js line 2 > eval:7788:32242
X4@https://pagead2.googlesyndication.com/bg/O0fxLlxGdVrwDA1P0v8IbiijzEhqz-qxiFTNg42x2Ow.js line 2 > eval:7788:1273
Lu@https://pagead2.googlesyndication.com/bg/O0fxLlxGdVrwDA1P0v8IbiijzEhqz-qxiFTNg42x2Ow.js line 2 > eval:7788:13020
X4/<@https://pagead2.googlesyndication.com/bg/O0fxLlxGdVrwDA1P0v8IbiijzEhqz-qxiFTNg42x2Ow.js line 2 > eval:7788:1319
at</<@https://pagead2.googlesyndication.com/bg/O0fxLlxGdVrwDA1P0v8IbiijzEhqz-qxiFTNg42x2Ow.js line 2 > eval:7788:46039

JavaScript warning: https://z.moatads.com/zenithglobaloracledcm444268370365/moatad.js#moatClientLevel1=1106306&moatClientLevel2=30994851&moatClientLevel3=385654670&moatClientLevel4=208312844&moatClientSlicer1=6604461&zMoatG=ct=IN&st=&city=7314&dma=0&zp=600096&bw=4&zMoatUSER=0, line 531: Script terminated by timeout at:
a.m.f@https://z.moatads.com/zenithglobaloracledcm444268370365/moatad.js#moatClientLevel1=1106306&moatClientLevel2=30994851&moatClientLevel3=385654670&moatClientLevel4=208312844&moatClientSlicer1=6604461&zMoatG=ct=IN&st=&city=7314&dma=0&zp=600096&bw=4&zMoatUSER=0:531:372
b/<@https://z.moatads.com/zenithglobaloracledcm444268370365/moatad.js#moatClientLevel1=1106306&moatClientLevel2=30994851&moatClientLevel3=385654670&moatClientLevel4=208312844&moatClientSlicer1=6604461&zMoatG=ct=IN&st=&city=7314&dma=0&zp=600096&bw=4&zMoatUSER=0:73:319

Dynamically enable window occlusion 1
JavaScript warning: https://pagead2.googlesyndication.com/bg/O0fxLlxGdVrwDA1P0v8IbiijzEhqz-qxiFTNg42x2Ow.js line 2 > eval line 1821 > eval line 1 > eval line 1 > eval, line 1: WEBGL_debug_renderer_info is deprecated in Firefox and will be removed. Please use RENDERER.
1708437855402	geckodriver	INFO	Listening on 127.0.0.1:43376
1708437855808	mozrunner::runner	INFO	Running command: "C:\\Program Files\\Mozilla Firefox\\firefox.exe" "--marionette" "-no-remote" "-profile" "C:\\Users\\KARENA~1\\AppData\\Local\\Temp\\rust_mozprofileGMv52M"
console.warn: services.settings: Ignoring preference override of remote settings server
console.warn: services.settings: Allow by setting MOZ_REMOTE_SETTINGS_DEVTOOLS=1 in the environment
1708437856818	Marionette	INFO	Marionette enabled
Dynamically enable window occlusion 0
1708437857153	Marionette	INFO	Listening on port 58963
Read port: 58963
1708437857997	RemoteAgent	WARN	TLS certificate errors will be ignored for this session
Feb 20, 2024 7:34:22 PM org.openqa.selenium.remote.ProtocolHandshake createSession
INFO: Detected dialect: W3C
JavaScript error: https://s0.2mdn.net/sadbundle/11222214736552834675/Inbox/index.html?ev=01_250, line 284: TypeError: studio.Enabler is undefined
1708437867900	Marionette	WARN	TimedPromise timed out after 500 ms: stacktrace:
TimedPromise/<@chrome://remote/content/marionette/sync.sys.mjs:219:24
TimedPromise@chrome://remote/content/marionette/sync.sys.mjs:203:10
interaction.flushEventLoop@chrome://remote/content/marionette/interaction.sys.mjs:468:10
webdriverClickElement@chrome://remote/content/marionette/interaction.sys.mjs:219:33
]]></system-err>
  </testcase>
  <testcase name="test2" classname="com.selenium.testng.TestNG_Enabled" time="6.112">
    <system-out><![CDATA[Please enter your name
]]></system-out>
    <system-err><![CDATA[1708437872832	Marionette	INFO	Stopped listening on port 58963
JavaScript warning: https://pagead2.googlesyndication.com/pagead/js/dv3.js, line 165: Script terminated by timeout at:
Fj/<@https://pagead2.googlesyndication.com/pagead/js/dv3.js:165:156
Fj@https://pagead2.googlesyndication.com/pagead/js/dv3.js:165:127
Mj@https://pagead2.googlesyndication.com/pagead/js/dv3.js:165:1049
ig/</<@https://pagead2.googlesyndication.com/pagead/js/dv3.js:107:128
gg@https://pagead2.googlesyndication.com/pagead/js/dv3.js:106:419
ig/<@https://pagead2.googlesyndication.com/pagead/js/dv3.js:107:105
@https://pagead2.googlesyndication.com/pagead/js/dv3.js:170:353

JavaScript warning: https://pagead2.googlesyndication.com/bg/Ke811GU8D9oP10uMu54EDqWuI5DGCOjC6vNIGcZJ2dY.js line 2 > eval line 1555 > eval line 1 > eval line 1 > eval, line 1: Script terminated by timeout at:
H@https://pagead2.googlesyndication.com/bg/Ke811GU8D9oP10uMu54EDqWuI5DGCOjC6vNIGcZJ2dY.js line 2 > eval line 1555 > eval line 1 > eval line 1 > eval:1:24
@https://pagead2.googlesyndication.com/bg/Ke811GU8D9oP10uMu54EDqWuI5DGCOjC6vNIGcZJ2dY.js line 2 > eval line 1555 > eval line 1 > eval line 1 > eval:1:109
Ev@https://pagead2.googlesyndication.com/bg/Ke811GU8D9oP10uMu54EDqWuI5DGCOjC6vNIGcZJ2dY.js line 2 > eval line 1555 > eval line 1 > eval line 1 > eval:1:192
oo@https://pagead2.googlesyndication.com/bg/Ke811GU8D9oP10uMu54EDqWuI5DGCOjC6vNIGcZJ2dY.js line 2 > eval line 1555 > eval line 1 > eval line 1 > eval:1:49
r.Z</<@https://pagead2.googlesyndication.com/bg/Ke811GU8D9oP10uMu54EDqWuI5DGCOjC6vNIGcZJ2dY.js line 2 > eval:1555:37761
NU@https://pagead2.googlesyndication.com/bg/Ke811GU8D9oP10uMu54EDqWuI5DGCOjC6vNIGcZJ2dY.js line 2 > eval:1555:23830
q@https://pagead2.googlesyndication.com/bg/Ke811GU8D9oP10uMu54EDqWuI5DGCOjC6vNIGcZJ2dY.js line 2 > eval:1555:9095
B@https://pagead2.googlesyndication.com/bg/Ke811GU8D9oP10uMu54EDqWuI5DGCOjC6vNIGcZJ2dY.js line 2 > eval:1555:13340
q/<@https://pagead2.googlesyndication.com/bg/Ke811GU8D9oP10uMu54EDqWuI5DGCOjC6vNIGcZJ2dY.js line 2 > eval:1555:9160
ZC</<@https://pagead2.googlesyndication.com/bg/Ke811GU8D9oP10uMu54EDqWuI5DGCOjC6vNIGcZJ2dY.js line 2 > eval:1555:35216

Dynamically enable window occlusion 1
1708437875723	geckodriver	INFO	Listening on 127.0.0.1:43503
1708437876250	mozrunner::runner	INFO	Running command: "C:\\Program Files\\Mozilla Firefox\\firefox.exe" "--marionette" "-no-remote" "-profile" "C:\\Users\\KARENA~1\\AppData\\Local\\Temp\\rust_mozprofileMObSJB"
console.warn: services.settings: Ignoring preference override of remote settings server
console.warn: services.settings: Allow by setting MOZ_REMOTE_SETTINGS_DEVTOOLS=1 in the environment
1708437877087	Marionette	INFO	Marionette enabled
Dynamically enable window occlusion 0
1708437877344	Marionette	INFO	Listening on port 59019
Read port: 59019
1708437877919	RemoteAgent	WARN	TLS certificate errors will be ignored for this session
Feb 20, 2024 7:34:42 PM org.openqa.selenium.remote.ProtocolHandshake createSession
INFO: Detected dialect: W3C
JavaScript error: https://s0.2mdn.net/sadbundle/16951367131618172435/250x250/index.html?ev=01_250, line 309: TypeError: studio.Enabler is undefined
JavaScript warning: https://pagead2.googlesyndication.com/bg/O0fxLlxGdVrwDA1P0v8IbiijzEhqz-qxiFTNg42x2Ow.js line 2 > eval line 2739 > eval line 1 > eval line 1 > eval, line 1: WEBGL_debug_renderer_info is deprecated in Firefox and will be removed. Please use RENDERER.
1708437887324	Marionette	WARN	TimedPromise timed out after 500 ms: stacktrace:
TimedPromise/<@chrome://remote/content/marionette/sync.sys.mjs:219:24
TimedPromise@chrome://remote/content/marionette/sync.sys.mjs:203:10
interaction.flushEventLoop@chrome://remote/content/marionette/interaction.sys.mjs:468:10
webdriverClickElement@chrome://remote/content/marionette/interaction.sys.mjs:219:33
]]></system-err>
  </testcase>
  <testcase name="closebrowser" classname="com.selenium.testng.TestNG_Enabled" time="6.347">
    <failure message="Dismissed user prompt dialog: Please enter your name: &#10;Build info: version: &apos;3.141.59&apos;, revision: &apos;e82be7d358&apos;, time: &apos;2018-11-14T08:17:03&apos;&#10;System info: host: &apos;DESKTOP-PJ5JRQT&apos;, ip: &apos;192.168.1.10&apos;, os.name: &apos;Windows 10&apos;, os.arch: &apos;amd64&apos;, os.version: &apos;10.0&apos;, java.version: &apos;1.8.0_251&apos;&#10;Driver info: org.openqa.selenium.firefox.FirefoxDriver&#10;Capabilities {acceptInsecureCerts: true, browserName: firefox, browserVersion: 122.0, javascriptEnabled: true, moz:accessibilityChecks: false, moz:buildID: 20240118164516, moz:geckodriverVersion: 0.34.0, moz:headless: false, moz:platformVersion: 10.0, moz:processID: 12904, moz:profile: C:\Users\KARENA~1\AppData\L..., moz:shutdownTimeout: 60000, moz:webdriverClick: true, moz:windowless: false, pageLoadStrategy: normal, platform: WINDOWS, platformName: WINDOWS, proxy: Proxy(), setWindowRect: true, strictFileInteractability: false, timeouts: {implicit: 0, pageLoad: 300000, script: 30000}, unhandledPromptBehavior: dismiss and notify}&#10;Session ID: 3e361c46-2bdb-4f7b-83b6-649e2936f3c7" type="org.openqa.selenium.UnhandledAlertException"><![CDATA[org.openqa.selenium.UnhandledAlertException: 
Dismissed user prompt dialog: Please enter your name: 
Build info: version: '3.141.59', revision: 'e82be7d358', time: '2018-11-14T08:17:03'
System info: host: 'DESKTOP-PJ5JRQT', ip: '192.168.1.10', os.name: 'Windows 10', os.arch: 'amd64', os.version: '10.0', java.version: '1.8.0_251'
Driver info: org.openqa.selenium.firefox.FirefoxDriver
Capabilities {acceptInsecureCerts: true, browserName: firefox, browserVersion: 122.0, javascriptEnabled: true, moz:accessibilityChecks: false, moz:buildID: 20240118164516, moz:geckodriverVersion: 0.34.0, moz:headless: false, moz:platformVersion: 10.0, moz:processID: 12904, moz:profile: C:\Users\KARENA~1\AppData\L..., moz:shutdownTimeout: 60000, moz:webdriverClick: true, moz:windowless: false, pageLoadStrategy: normal, platform: WINDOWS, platformName: WINDOWS, proxy: Proxy(), setWindowRect: true, strictFileInteractability: false, timeouts: {implicit: 0, pageLoad: 300000, script: 30000}, unhandledPromptBehavior: dismiss and notify}
Session ID: 3e361c46-2bdb-4f7b-83b6-649e2936f3c7
	at org.openqa.selenium.remote.http.W3CHttpResponseCodec.decode(W3CHttpResponseCodec.java:120)
	at org.openqa.selenium.remote.http.W3CHttpResponseCodec.decode(W3CHttpResponseCodec.java:49)
	at org.openqa.selenium.remote.HttpCommandExecutor.execute(HttpCommandExecutor.java:158)
	at org.openqa.selenium.remote.service.DriverCommandExecutor.execute(DriverCommandExecutor.java:83)
	at org.openqa.selenium.remote.RemoteWebDriver.execute(RemoteWebDriver.java:552)
	at org.openqa.selenium.remote.RemoteWebDriver.execute(RemoteWebDriver.java:609)
	at org.openqa.selenium.remote.RemoteWebDriver.close(RemoteWebDriver.java:442)
	at com.selenium.testng.TestNG_Enabled.closebrowser(TestNG_Enabled.java:82)
	at sun.reflect.NativeMethodAccessorImpl.invoke0(Native Method)
	at sun.reflect.NativeMethodAccessorImpl.invoke(NativeMethodAccessorImpl.java:62)
	at sun.reflect.DelegatingMethodAccessorImpl.invoke(DelegatingMethodAccessorImpl.java:43)
	at java.lang.reflect.Method.invoke(Method.java:498)
	at org.testng.internal.MethodInvocationHelper.invokeMethod(MethodInvocationHelper.java:124)
	at org.testng.internal.MethodInvocationHelper.invokeMethodConsideringTimeout(MethodInvocationHelper.java:59)
	at org.testng.internal.Invoker.invokeConfigurationMethod(Invoker.java:458)
	at org.testng.internal.Invoker.invokeConfigurations(Invoker.java:222)
	at org.testng.internal.Invoker.invokeMethod(Invoker.java:646)
	at org.testng.internal.Invoker.invokeTestMethod(Invoker.java:719)
	at org.testng.internal.Invoker.invokeTestMethods(Invoker.java:989)
	at org.testng.internal.TestMethodWorker.invokeTestMethods(TestMethodWorker.java:125)
	at org.testng.internal.TestMethodWorker.run(TestMethodWorker.java:109)
	at org.testng.TestRunner.privateRun(TestRunner.java:648)
	at org.testng.TestRunner.run(TestRunner.java:505)
	at org.testng.SuiteRunner.runTest(SuiteRunner.java:455)
	at org.testng.SuiteRunner.runSequentially(SuiteRunner.java:450)
	at org.testng.SuiteRunner.privateRun(SuiteRunner.java:415)
	at org.testng.SuiteRunner.run(SuiteRunner.java:364)
	at org.testng.SuiteRunnerWorker.runSuite(SuiteRunnerWorker.java:52)
	at org.testng.SuiteRunnerWorker.run(SuiteRunnerWorker.java:84)
	at org.testng.TestNG.runSuitesSequentially(TestNG.java:1208)
	at org.testng.TestNG.runSuitesLocally(TestNG.java:1137)
	at org.testng.TestNG.runSuites(TestNG.java:1049)
	at org.testng.TestNG.run(TestNG.java:1017)
	at org.apache.maven.surefire.testng.TestNGExecutor.run(TestNGExecutor.java:308)
	at org.apache.maven.surefire.testng.TestNGXmlTestSuite.execute(TestNGXmlTestSuite.java:71)
	at org.apache.maven.surefire.testng.TestNGProvider.invoke(TestNGProvider.java:113)
	at org.apache.maven.surefire.booter.ForkedBooter.runSuitesInProcess(ForkedBooter.java:385)
	at org.apache.maven.surefire.booter.ForkedBooter.execute(ForkedBooter.java:162)
	at org.apache.maven.surefire.booter.ForkedBooter.run(ForkedBooter.java:507)
	at org.apache.maven.surefire.booter.ForkedBooter.main(ForkedBooter.java:495)
]]></failure>
  </testcase>
  <testcase name="alertcancel" classname="com.selenium.testng.TestNG_Priority" time="5.958">
    <system-err><![CDATA[1708437829665	Marionette	INFO	Stopped listening on port 58826
JavaScript warning: https://z.moatads.com/zenithglobaloracledcm444268370365/moatad.js#moatClientLevel1=1106306&moatClientLevel2=30994851&moatClientLevel3=385654670&moatClientLevel4=208312844&moatClientSlicer1=6604461&zMoatG=ct=IN&st=&city=7314&dma=0&zp=600096&bw=4&zMoatUSER=0, line 412: Script terminated by timeout at:
Aa@https://z.moatads.com/zenithglobaloracledcm444268370365/moatad.js#moatClientLevel1=1106306&moatClientLevel2=30994851&moatClientLevel3=385654670&moatClientLevel4=208312844&moatClientSlicer1=6604461&zMoatG=ct=IN&st=&city=7314&dma=0&zp=600096&bw=4&zMoatUSER=0:412:283
H@https://z.moatads.com/zenithglobaloracledcm444268370365/moatad.js#moatClientLevel1=1106306&moatClientLevel2=30994851&moatClientLevel3=385654670&moatClientLevel4=208312844&moatClientSlicer1=6604461&zMoatG=ct=IN&st=&city=7314&dma=0&zp=600096&bw=4&zMoatUSER=0:395:360
a.v.a@https://z.moatads.com/zenithglobaloracledcm444268370365/moatad.js#moatClientLevel1=1106306&moatClientLevel2=30994851&moatClientLevel3=385654670&moatClientLevel4=208312844&moatClientSlicer1=6604461&zMoatG=ct=IN&st=&city=7314&dma=0&zp=600096&bw=4&zMoatUSER=0:446:313
a.v.o@https://z.moatads.com/zenithglobaloracledcm444268370365/moatad.js#moatClientLevel1=1106306&moatClientLevel2=30994851&moatClientLevel3=385654670&moatClientLevel4=208312844&moatClientSlicer1=6604461&zMoatG=ct=IN&st=&city=7314&dma=0&zp=600096&bw=4&zMoatUSER=0:442:189
a.am.l@https://z.moatads.com/zenithglobaloracledcm444268370365/moatad.js#moatClientLevel1=1106306&moatClientLevel2=30994851&moatClientLevel3=385654670&moatClientLevel4=208312844&moatClientSlicer1=6604461&zMoatG=ct=IN&st=&city=7314&dma=0&zp=600096&bw=4&zMoatUSER=0:498:26
a.am.t/<@https://z.moatads.com/zenithglobaloracledcm444268370365/moatad.js#moatClientLevel1=1106306&moatClientLevel2=30994851&moatClientLevel3=385654670&moatClientLevel4=208312844&moatClientSlicer1=6604461&zMoatG=ct=IN&st=&city=7314&dma=0&zp=600096&bw=4&zMoatUSER=0:503:505
v/<@https://z.moatads.com/zenithglobaloracledcm444268370365/moatad.js#moatClientLevel1=1106306&moatClientLevel2=30994851&moatClientLevel3=385654670&moatClientLevel4=208312844&moatClientSlicer1=6604461&zMoatG=ct=IN&st=&city=7314&dma=0&zp=600096&bw=4&zMoatUSER=0:14:166
v@https://z.moatads.com/zenithglobaloracledcm444268370365/moatad.js#moatClientLevel1=1106306&moatClientLevel2=30994851&moatClientLevel3=385654670&moatClientLevel4=208312844&moatClientSlicer1=6604461&zMoatG=ct=IN&st=&city=7314&dma=0&zp=600096&bw=4&zMoatUSER=0:14:140
a.am.t@https://z.moatads.com/zenithglobaloracledcm444268370365/moatad.js#moatClientLevel1=1106306&moatClientLevel2=30994851&moatClientLevel3=385654670&moatClientLevel4=208312844&moatClientSlicer1=6604461&zMoatG=ct=IN&st=&city=7314&dma=0&zp=600096&bw=4&zMoatUSER=0:503:247
p/<@https://z.moatads.com/zenithglobaloracledcm444268370365/moatad.js#moatClientLevel1=1106306&moatClientLevel2=30994851&moatClientLevel3=385654670&moatClientLevel4=208312844&moatClientSlicer1=6604461&zMoatG=ct=IN&st=&city=7314&dma=0&zp=600096&bw=4&zMoatUSER=0:468:325
a.am.y/<@https://z.moatads.com/zenithglobaloracledcm444268370365/moatad.js#moatClientLevel1=1106306&moatClientLevel2=30994851&moatClientLevel3=385654670&moatClientLevel4=208312844&moatClientSlicer1=6604461&zMoatG=ct=IN&st=&city=7314&dma=0&zp=600096&bw=4&zMoatUSER=0:507:424
v/<@https://z.moatads.com/zenithglobaloracledcm444268370365/moatad.js#moatClientLevel1=1106306&moatClientLevel2=30994851&moatClientLevel3=385654670&moatClientLevel4=208312844&moatClientSlicer1=6604461&zMoatG=ct=IN&st=&city=7314&dma=0&zp=600096&bw=4&zMoatUSER=0:14:166
v@https://z.moatads.com/zenithglobaloracledcm444268370365/moatad.js#moatClientLevel1=1106306&moatClientLevel2=30994851&moatClientLevel3=385654670&moatClientLevel4=208312844&moatClientSlicer1=6604461&zMoatG=ct=IN&st=&city=7314&dma=0&zp=600096&bw=4&zMoatUSER=0:14:140
a.am.y@https://z.moatads.com/zenithglobaloracledcm444268370365/moatad.js#moatClientLevel1=1106306&moatClientLevel2=30994851&moatClientLevel3=385654670&moatClientLevel4=208312844&moatClientSlicer1=6604461&zMoatG=ct=IN&st=&city=7314&dma=0&zp=600096&bw=4&zMoatUSER=0:507:254
c@https://z.moatads.com/zenithglobaloracledcm444268370365/moatad.js#moatClientLevel1=1106306&moatClientLevel2=30994851&moatClientLevel3=385654670&moatClientLevel4=208312844&moatClientSlicer1=6604461&zMoatG=ct=IN&st=&city=7314&dma=0&zp=600096&bw=4&zMoatUSER=0:537:89
b/<@https://z.moatads.com/zenithglobaloracledcm444268370365/moatad.js#moatClientLevel1=1106306&moatClientLevel2=30994851&moatClientLevel3=385654670&moatClientLevel4=208312844&moatClientSlicer1=6604461&zMoatG=ct=IN&st=&city=7314&dma=0&zp=600096&bw=4&zMoatUSER=0:73:319
v/<@https://z.moatads.com/zenithglobaloracledcm444268370365/moatad.js#moatClientLevel1=1106306&moatClientLevel2=30994851&moatClientLevel3=385654670&moatClientLevel4=208312844&moatClientSlicer1=6604461&zMoatG=ct=IN&st=&city=7314&dma=0&zp=600096&bw=4&zMoatUSER=0:77:357
p/c<@https://z.moatads.com/zenithglobaloracledcm444268370365/moatad.js#moatClientLevel1=1106306&moatClientLevel2=30994851&moatClientLevel3=385654670&moatClientLevel4=208312844&moatClientSlicer1=6604461&zMoatG=ct=IN&st=&city=7314&dma=0&zp=600096&bw=4&zMoatUSER=0:77:149
b/<@https://z.moatads.com/zenithglobaloracledcm444268370365/moatad.js#moatClientLevel1=1106306&moatClientLevel2=30994851&moatClientLevel3=385654670&moatClientLevel4=208312844&moatClientSlicer1=6604461&zMoatG=ct=IN&st=&city=7314&dma=0&zp=600096&bw=4&zMoatUSER=0:73:319

Dynamically enable window occlusion 1
1708437832330	geckodriver	INFO	Listening on 127.0.0.1:47627
1708437832753	mozrunner::runner	INFO	Running command: "C:\\Program Files\\Mozilla Firefox\\firefox.exe" "--marionette" "-no-remote" "-profile" "C:\\Users\\KARENA~1\\AppData\\Local\\Temp\\rust_mozprofile9d2vzI"
console.warn: services.settings: Ignoring preference override of remote settings server
console.warn: services.settings: Allow by setting MOZ_REMOTE_SETTINGS_DEVTOOLS=1 in the environment
1708437833581	Marionette	INFO	Marionette enabled
Dynamically enable window occlusion 0
1708437833837	Marionette	INFO	Listening on port 58900
Read port: 58900
1708437834493	RemoteAgent	WARN	TLS certificate errors will be ignored for this session
Feb 20, 2024 7:33:59 PM org.openqa.selenium.remote.ProtocolHandshake createSession
INFO: Detected dialect: W3C
JavaScript warning: https://z.moatads.com/zenithglobaloracledcm444268370365/moatad.js#moatClientLevel1=1106306&moatClientLevel2=30994851&moatClientLevel3=385654670&moatClientLevel4=208312844&moatClientSlicer1=6604461&zMoatG=ct=IN&st=&city=7314&dma=0&zp=600096&bw=4&zMoatUSER=0, line 329: WEBGL_debug_renderer_info is deprecated in Firefox and will be removed. Please use RENDERER.
JavaScript warning: https://z.moatads.com/zenithglobaloracledcm444268370365/moatad.js#moatClientLevel1=1106306&moatClientLevel2=30994851&moatClientLevel3=385796113&moatClientLevel4=208170304&moatClientSlicer1=6604461&zMoatG=ct=IN&st=&city=7314&dma=0&zp=600096&bw=4&zMoatUSER=0, line 329: WEBGL_debug_renderer_info is deprecated in Firefox and will be removed. Please use RENDERER.
1708437846714	Marionette	WARN	TimedPromise timed out after 500 ms: stacktrace:
TimedPromise/<@chrome://remote/content/marionette/sync.sys.mjs:219:24
TimedPromise@chrome://remote/content/marionette/sync.sys.mjs:203:10
interaction.flushEventLoop@chrome://remote/content/marionette/interaction.sys.mjs:468:10
webdriverClickElement@chrome://remote/content/marionette/interaction.sys.mjs:219:33
]]></system-err>
  </testcase>
  <testcase name="alert_getText" classname="com.selenium.testng.TestNG_Priority" time="5.73">
    <system-out><![CDATA[Please enter your name
]]></system-out>
    <system-err><![CDATA[JavaScript warning: https://pagead2.googlesyndication.com/bg/Ke811GU8D9oP10uMu54EDqWuI5DGCOjC6vNIGcZJ2dY.js line 2 > eval line 5958 > eval line 1 > eval line 1 > eval, line 1: WEBGL_debug_renderer_info is deprecated in Firefox and will be removed. Please use RENDERER.
JavaScript warning: https://pagead2.googlesyndication.com/bg/Ke811GU8D9oP10uMu54EDqWuI5DGCOjC6vNIGcZJ2dY.js line 2 > eval line 3769 > eval line 1 > eval line 1 > eval, line 1: WEBGL_debug_renderer_info is deprecated in Firefox and will be removed. Please use RENDERER.
1708437893290	geckodriver	INFO	Listening on 127.0.0.1:41766
1708437893491	mozrunner::runner	INFO	Running command: "C:\\Program Files\\Mozilla Firefox\\firefox.exe" "--marionette" "-no-remote" "-profile" "C:\\Users\\KARENA~1\\AppData\\Local\\Temp\\rust_mozprofileKJFLJF"
console.warn: services.settings: Ignoring preference override of remote settings server
console.warn: services.settings: Allow by setting MOZ_REMOTE_SETTINGS_DEVTOOLS=1 in the environment
1708437895354	Marionette	INFO	Marionette enabled
Dynamically enable window occlusion 0
1708437895892	Marionette	INFO	Listening on port 59073
Read port: 59073
1708437896841	RemoteAgent	WARN	TLS certificate errors will be ignored for this session
Feb 20, 2024 7:35:01 PM org.openqa.selenium.remote.ProtocolHandshake createSession
INFO: Detected dialect: W3C
1708437906812	Marionette	WARN	TimedPromise timed out after 500 ms: stacktrace:
TimedPromise/<@chrome://remote/content/marionette/sync.sys.mjs:219:24
TimedPromise@chrome://remote/content/marionette/sync.sys.mjs:203:10
interaction.flushEventLoop@chrome://remote/content/marionette/interaction.sys.mjs:468:10
webdriverClickElement@chrome://remote/content/marionette/interaction.sys.mjs:219:33
1708437907109	addons.xpi	ERROR	System addon update list error SyntaxError: XMLHttpRequest.open: 'http://%(server)s/dummy-system-addons.xml' is not a valid URL.
]]></system-err>
  </testcase>
  <testcase name="closebrowser" classname="com.selenium.testng.TestNG_Priority" time="5.787">
    <failure message="Dismissed user prompt dialog: Please enter your name: &#10;Build info: version: &apos;3.141.59&apos;, revision: &apos;e82be7d358&apos;, time: &apos;2018-11-14T08:17:03&apos;&#10;System info: host: &apos;DESKTOP-PJ5JRQT&apos;, ip: &apos;192.168.1.10&apos;, os.name: &apos;Windows 10&apos;, os.arch: &apos;amd64&apos;, os.version: &apos;10.0&apos;, java.version: &apos;1.8.0_251&apos;&#10;Driver info: org.openqa.selenium.firefox.FirefoxDriver&#10;Capabilities {acceptInsecureCerts: true, browserName: firefox, browserVersion: 122.0, javascriptEnabled: true, moz:accessibilityChecks: false, moz:buildID: 20240118164516, moz:geckodriverVersion: 0.34.0, moz:headless: false, moz:platformVersion: 10.0, moz:processID: 15884, moz:profile: C:\Users\KARENA~1\AppData\L..., moz:shutdownTimeout: 60000, moz:webdriverClick: true, moz:windowless: false, pageLoadStrategy: normal, platform: WINDOWS, platformName: WINDOWS, proxy: Proxy(), setWindowRect: true, strictFileInteractability: false, timeouts: {implicit: 0, pageLoad: 300000, script: 30000}, unhandledPromptBehavior: dismiss and notify}&#10;Session ID: c1d11c27-9c80-47a4-98a4-03d8ff736bec" type="org.openqa.selenium.UnhandledAlertException"><![CDATA[org.openqa.selenium.UnhandledAlertException: 
Dismissed user prompt dialog: Please enter your name: 
Build info: version: '3.141.59', revision: 'e82be7d358', time: '2018-11-14T08:17:03'
System info: host: 'DESKTOP-PJ5JRQT', ip: '192.168.1.10', os.name: 'Windows 10', os.arch: 'amd64', os.version: '10.0', java.version: '1.8.0_251'
Driver info: org.openqa.selenium.firefox.FirefoxDriver
Capabilities {acceptInsecureCerts: true, browserName: firefox, browserVersion: 122.0, javascriptEnabled: true, moz:accessibilityChecks: false, moz:buildID: 20240118164516, moz:geckodriverVersion: 0.34.0, moz:headless: false, moz:platformVersion: 10.0, moz:processID: 15884, moz:profile: C:\Users\KARENA~1\AppData\L..., moz:shutdownTimeout: 60000, moz:webdriverClick: true, moz:windowless: false, pageLoadStrategy: normal, platform: WINDOWS, platformName: WINDOWS, proxy: Proxy(), setWindowRect: true, strictFileInteractability: false, timeouts: {implicit: 0, pageLoad: 300000, script: 30000}, unhandledPromptBehavior: dismiss and notify}
Session ID: c1d11c27-9c80-47a4-98a4-03d8ff736bec
	at org.openqa.selenium.remote.http.W3CHttpResponseCodec.decode(W3CHttpResponseCodec.java:120)
	at org.openqa.selenium.remote.http.W3CHttpResponseCodec.decode(W3CHttpResponseCodec.java:49)
	at org.openqa.selenium.remote.HttpCommandExecutor.execute(HttpCommandExecutor.java:158)
	at org.openqa.selenium.remote.service.DriverCommandExecutor.execute(DriverCommandExecutor.java:83)
	at org.openqa.selenium.remote.RemoteWebDriver.execute(RemoteWebDriver.java:552)
	at org.openqa.selenium.remote.RemoteWebDriver.execute(RemoteWebDriver.java:609)
	at org.openqa.selenium.remote.RemoteWebDriver.close(RemoteWebDriver.java:442)
	at com.selenium.testng.TestNG_Priority.closebrowser(TestNG_Priority.java:80)
	at sun.reflect.NativeMethodAccessorImpl.invoke0(Native Method)
	at sun.reflect.NativeMethodAccessorImpl.invoke(NativeMethodAccessorImpl.java:62)
	at sun.reflect.DelegatingMethodAccessorImpl.invoke(DelegatingMethodAccessorImpl.java:43)
	at java.lang.reflect.Method.invoke(Method.java:498)
	at org.testng.internal.MethodInvocationHelper.invokeMethod(MethodInvocationHelper.java:124)
	at org.testng.internal.MethodInvocationHelper.invokeMethodConsideringTimeout(MethodInvocationHelper.java:59)
	at org.testng.internal.Invoker.invokeConfigurationMethod(Invoker.java:458)
	at org.testng.internal.Invoker.invokeConfigurations(Invoker.java:222)
	at org.testng.internal.Invoker.invokeMethod(Invoker.java:646)
	at org.testng.internal.Invoker.invokeTestMethod(Invoker.java:719)
	at org.testng.internal.Invoker.invokeTestMethods(Invoker.java:989)
	at org.testng.internal.TestMethodWorker.invokeTestMethods(TestMethodWorker.java:125)
	at org.testng.internal.TestMethodWorker.run(TestMethodWorker.java:109)
	at org.testng.TestRunner.privateRun(TestRunner.java:648)
	at org.testng.TestRunner.run(TestRunner.java:505)
	at org.testng.SuiteRunner.runTest(SuiteRunner.java:455)
	at org.testng.SuiteRunner.runSequentially(SuiteRunner.java:450)
	at org.testng.SuiteRunner.privateRun(SuiteRunner.java:415)
	at org.testng.SuiteRunner.run(SuiteRunner.java:364)
	at org.testng.SuiteRunnerWorker.runSuite(SuiteRunnerWorker.java:52)
	at org.testng.SuiteRunnerWorker.run(SuiteRunnerWorker.java:84)
	at org.testng.TestNG.runSuitesSequentially(TestNG.java:1208)
	at org.testng.TestNG.runSuitesLocally(TestNG.java:1137)
	at org.testng.TestNG.runSuites(TestNG.java:1049)
	at org.testng.TestNG.run(TestNG.java:1017)
	at org.apache.maven.surefire.testng.TestNGExecutor.run(TestNGExecutor.java:308)
	at org.apache.maven.surefire.testng.TestNGXmlTestSuite.execute(TestNGXmlTestSuite.java:71)
	at org.apache.maven.surefire.testng.TestNGProvider.invoke(TestNGProvider.java:113)
	at org.apache.maven.surefire.booter.ForkedBooter.runSuitesInProcess(ForkedBooter.java:385)
	at org.apache.maven.surefire.booter.ForkedBooter.execute(ForkedBooter.java:162)
	at org.apache.maven.surefire.booter.ForkedBooter.run(ForkedBooter.java:507)
	at org.apache.maven.surefire.booter.ForkedBooter.main(ForkedBooter.java:495)
]]></failure>
  </testcase>
</testsuite>