<?xml version="1.0" encoding="UTF-8"?>
<!-- Generated by org.testng.reporters.JUnitReportReporter -->
<testsuite skipped="0" hostname="DESKTOP-PJ5JRQT" name="com.selenium.testng.DataProvider_TestNG" tests="2" failures="0" timestamp="19 Jan 2024 14:31:22 GMT" time="16.348" errors="0">
  <testcase name="dataprovider" time="7.568" classname="com.selenium.testng.DataProvider_TestNG"/>
  <testcase name="dataprovider" time="8.780" classname="com.selenium.testng.DataProvider_TestNG"/>
</testsuite> <!-- com.selenium.testng.DataProvider_TestNG -->
