<?xml version="1.0" encoding="UTF-8"?>
<!-- Generated by org.testng.reporters.JUnitReportReporter -->
<testsuite skipped="0" hostname="DESKTOP-PJ5JRQT" name="com.selenium.pom.Registration" tests="1" failures="0" timestamp="25 Jan 2024 13:58:10 GMT" time="18.052" errors="0">
  <testcase name="registerform" time="18.052" classname="com.selenium.pom.Registration"/>
</testsuite> <!-- com.selenium.pom.Registration -->
