<?xml version="1.0" encoding="UTF-8"?>
<!-- Generated by org.testng.reporters.JUnitReportReporter -->
<testsuite skipped="0" hostname="DESKTOP-PJ5JRQT" name="com.selenium.testng.TestNG_Invocationcount" tests="3" failures="0" timestamp="19 Jan 2024 13:45:37 GMT" time="46.220" errors="0">
  <testcase name="test1" time="13.894" classname="com.selenium.testng.TestNG_Invocationcount"/>
  <testcase name="test1" time="15.912" classname="com.selenium.testng.TestNG_Invocationcount"/>
  <testcase name="test1" time="16.414" classname="com.selenium.testng.TestNG_Invocationcount"/>
</testsuite> <!-- com.selenium.testng.TestNG_Invocationcount -->
