<?xml version="1.0" encoding="UTF-8"?>
<!-- Generated by org.testng.reporters.JUnitReportReporter -->
<testsuite skipped="0" hostname="DESKTOP-PJ5JRQT" name="com.selenium.testng.TestNGAnnotation" tests="3" failures="0" timestamp="23 Jan 2024 14:04:01 GMT" time="0.019" errors="0">
  <testcase name="apple" time="0.005" classname="com.selenium.testng.TestNGAnnotation"/>
  <testcase name="fileupload" time="0.007" classname="com.selenium.testng.TestNGAnnotation"/>
  <testcase name="getText" time="0.007" classname="com.selenium.testng.TestNGAnnotation"/>
</testsuite> <!-- com.selenium.testng.TestNGAnnotation -->
