<?xml version="1.0" encoding="UTF-8"?>
<!-- Generated by org.testng.reporters.JUnitReportReporter -->
<testsuite skipped="0" hostname="DESKTOP-PJ5JRQT" name="com.selenium.assertion.AssertTrue" tests="1" failures="0" timestamp="24 Jan 2024 13:51:49 GMT" time="0.018" errors="0">
  <testcase name="validateAssertTrue" time="0.018" classname="com.selenium.assertion.AssertTrue"/>
</testsuite> <!-- com.selenium.assertion.AssertTrue -->
