<?xml version="1.0" encoding="UTF-8"?>
<!-- Generated by org.testng.reporters.JUnitReportReporter -->
<testsuite skipped="0" hostname="DESKTOP-PJ5JRQT" name="com.selenium.testng.Parameter_TestNG" tests="3" failures="0" timestamp="23 Jan 2024 14:01:30 GMT" time="23.629" errors="0">
  <testcase name="login" time="6.450" classname="com.selenium.testng.Parameter_TestNG"/>
  <testcase name="login" time="7.598" classname="com.selenium.testng.Parameter_TestNG"/>
  <testcase name="login" time="9.581" classname="com.selenium.testng.Parameter_TestNG"/>
</testsuite> <!-- com.selenium.testng.Parameter_TestNG -->
