<?xml version="1.0" encoding="UTF-8"?>
<!-- Generated by org.testng.reporters.JUnitReportReporter -->
<testsuite skipped="0" hostname="DESKTOP-PJ5JRQT" name="com.selenium.pom.SignIn_Test" tests="1" failures="0" timestamp="25 Jan 2024 14:19:40 GMT" time="14.286" errors="0">
  <testcase name="signIn" time="14.286" classname="com.selenium.pom.SignIn_Test"/>
</testsuite> <!-- com.selenium.pom.SignIn_Test -->
