<?xml version="1.0" encoding="UTF-8"?>
<!-- Generated by org.testng.reporters.JUnitReportReporter -->
<testsuite skipped="0" hostname="DESKTOP-PJ5JRQT" name="com.selenium.testng.TestNGAnnotation_1" tests="1" failures="0" timestamp="25 Jan 2024 05:04:35 GMT" time="0.014" errors="0">
  <testcase name="testcase3" time="0.014" classname="com.selenium.testng.TestNGAnnotation_1"/>
</testsuite> <!-- com.selenium.testng.TestNGAnnotation_1 -->
